<?xml version="1.0" encoding="UTF-8"?>
<testsuite name="Cucumber" time="4.627" tests="5" skipped="0" failures="0" errors="0">
<testcase classname="Playlists" name="Verify Playlists. User should be able to create, get and update a playlist" time="3.917">
<system-out><![CDATA[
Given An authorized user is available.......................................passed
When With request headers...................................................passed
And With request body: "src/test/resources/test-data/CreatePlaylists.json"..passed
When User makes a POST request to endpoint: "users/{{user_id}}/playlists"...passed
Then Response status code should be: 201....................................passed
And Response body should contains valid fields..............................passed
When User makes a GET request to endpoint: "playlists/{playlist_id_from_post_request}".passed
Then Response status code should be: 200....................................passed
When User makes a PUT request to endpoint: "playlists/{playlist_id_from_post_request}".passed
]]></system-out>
</testcase>
<testcase classname="Playlists" name="Verify create Playlists with invalid payload - Example #1.1" time="0.244">
<system-out><![CDATA[
Given An authorized user is available.......................................passed
When With request headers...................................................passed
And With request body: "src/test/resources/test-data/CreatePlaylists.json"..passed
When User makes a POST request to endpoint: "users/{{user_id}}/playlists"...passed
Then Response status code should be: 400....................................passed
And Response body should contains error fields..............................passed
]]></system-out>
</testcase>
<testcase classname="Playlists" name="Verify create Playlists with invalid Access Token - Example #1.1" time="0.076">
<system-out><![CDATA[
Given An authorized user is available.......................................passed
When With request headers...................................................passed
And With request body: "src/test/resources/test-data/CreatePlaylists.json"..passed
When User makes a POST request to endpoint: "users/{{user_id}}/playlists"...passed
Then Response status code should be: 401....................................passed
And Response body should contains error fields..............................passed
]]></system-out>
</testcase>
<testcase classname="Playlists" name="Verify create Playlists with invalid Access Token - Example #1.2" time="0.072">
<system-out><![CDATA[
Given An authorized user is available.......................................passed
When With request headers...................................................passed
And With request body: "src/test/resources/test-data/CreatePlaylists.json"..passed
When User makes a POST request to endpoint: "users/{{user_id}}/playlists"...passed
Then Response status code should be: 400....................................passed
And Response body should contains error fields..............................passed
]]></system-out>
</testcase>
<testcase classname="Playlists" name="Verify create Playlists with invalid Access Token - Example #1.3" time="0.082">
<system-out><![CDATA[
Given An authorized user is available.......................................passed
When With request headers...................................................passed
And With request body: "src/test/resources/test-data/CreatePlaylists.json"..passed
When User makes a POST request to endpoint: "users/{{user_id}}/playlists"...passed
Then Response status code should be: 401....................................passed
And Response body should contains error fields..............................passed
]]></system-out>
</testcase>
</testsuite>
