<?xml version="1.0" encoding="UTF-8"?>
<!-- Generated by org.testng.reporters.JUnitReportReporter -->
<testsuite hostname="fv-az661-801" failures="0" tests="5" name="com.spotify.runner.TestNgRunner" time="4.474" errors="0" timestamp="2023-12-06T01:11:05 UTC" skipped="0">
  <testcase classname="com.spotify.runner.TestNgRunner" name="runScenario" time="3.981"/>
  <system-out/>
  <testcase classname="com.spotify.runner.TestNgRunner" name="runScenario" time="0.250"/>
  <system-out/>
  <testcase classname="com.spotify.runner.TestNgRunner" name="runScenario" time="0.086"/>
  <system-out/>
  <testcase classname="com.spotify.runner.TestNgRunner" name="runScenario" time="0.076"/>
  <system-out/>
  <testcase classname="com.spotify.runner.TestNgRunner" name="runScenario" time="0.081"/>
  <system-out/>
</testsuite> <!-- com.spotify.runner.TestNgRunner -->
